<component name="libraryTable">
  <library name="junit-0.4">
    <CLASSES>
      <root url="jar://$USER_HOME$/.gradle/caches/modules-2/files-2.1/com.groupon.roboremote.roboremoteclient/junit/0.4/22d59391f441d305e91aafd2c89508b3cf105a6e/junit-0.4.jar!/" />
    </CLASSES>
    <JAVADOC />
    <SOURCES>
      <root url="jar://$USER_HOME$/.gradle/caches/modules-2/files-2.1/com.groupon.roboremote.roboremoteclient/junit/0.4/5813360cdf0a75c1d56bbc7f780df0c30e81a188/junit-0.4-sources.jar!/" />
    </SOURCES>
  </library>
</component>